2024-08-16 17:45:37 - You select: temp\pcap\output_663acf48-2707-4262-99e0-3e4213d2d5ff.pcap
2024-08-16 17:45:37 - Out folder: temp\csv
2024-08-16 17:45:37 - CICFlowMeter received 1 pcap file
2024-08-16 17:51:21 - You select: temp\pcap\output_8643da6b-77ed-4668-9637-b803a04ead5c.pcap
2024-08-16 17:51:21 - Out folder: temp\csv
2024-08-16 17:51:21 - CICFlowMeter received 1 pcap file
2024-08-16 17:55:06 - You select: temp\pcap\output_5b958fd8-5d74-4b23-beed-339136a3ae7a.pcap
2024-08-16 17:55:06 - Out folder: temp\csv
2024-08-16 17:55:06 - CICFlowMeter received 1 pcap file
2024-08-16 18:02:51 - You select: temp\pcap\output_74a9bf31-614a-407c-88a4-021459cbe03b.pcap
2024-08-16 18:02:51 - Out folder: temp\csv
2024-08-16 18:02:51 - CICFlowMeter received 1 pcap file
2024-08-16 18:09:28 - You select: temp\pcap\output_32bb36e7-8bbb-4aa5-af4d-0bf33d41dd46.pcap
2024-08-16 18:09:28 - Out folder: temp\csv
2024-08-16 18:09:28 - CICFlowMeter received 1 pcap file
2024-08-16 18:19:01 - You select: temp\pcap\output_636fc2c1-38ca-4d8b-a9a5-2c91a7baf20b.pcap
2024-08-16 18:19:01 - Out folder: temp\csv
2024-08-16 18:19:01 - CICFlowMeter received 1 pcap file
2024-08-16 18:24:56 - You select: temp\pcap\output_0b14606b-db0e-4f4e-9b44-44270f20c733.pcap
2024-08-16 18:24:56 - Out folder: temp\csv
2024-08-16 18:24:56 - CICFlowMeter received 1 pcap file
2024-08-20 15:26:11 - You select: temp\pcap\output_3edc75d7-a070-4030-a87c-fa784e914921.pcap
2024-08-20 15:26:11 - Out folder: temp\csv
2024-08-20 15:26:11 - CICFlowMeter received 1 pcap file
2024-08-20 15:37:19 - You select: temp\pcap\output_80e5ec29-cb09-4a9b-853d-5ea472c245e5.pcap
2024-08-20 15:37:19 - Out folder: temp\csv
2024-08-20 15:37:19 - CICFlowMeter received 1 pcap file
2024-08-20 15:39:23 - You select: temp\pcap\output_5a9914da-f647-42e1-bd13-a88b7e662da0.pcap
2024-08-20 15:39:23 - Out folder: temp\csv
2024-08-20 15:39:23 - CICFlowMeter received 1 pcap file
2024-08-20 15:46:00 - You select: temp\pcap\output_ac4d1c0b-0a01-42fe-b757-d2cf1a6bcb25.pcap
2024-08-20 15:46:00 - Out folder: temp\csv
2024-08-20 15:46:00 - CICFlowMeter received 1 pcap file
2024-08-20 16:30:07 - You select: temp\pcap\output_ef6c3712-6b39-4a85-b76f-6423310909a6.pcap
2024-08-20 16:30:07 - Out folder: temp\csv
2024-08-20 16:30:07 - CICFlowMeter received 1 pcap file
2024-08-20 16:34:32 - You select: temp\pcap\output_b0c8b403-5293-4993-b08e-ff0d6dc177e2.pcap
2024-08-20 16:34:32 - Out folder: temp\csv
2024-08-20 16:34:32 - CICFlowMeter received 1 pcap file
2024-08-20 16:43:18 - You select: temp\pcap\output_50ae09a5-4ecb-4d3f-a3cd-163c08eeb85b.pcap
2024-08-20 16:43:18 - Out folder: temp\csv
2024-08-20 16:43:18 - CICFlowMeter received 1 pcap file
2024-08-20 16:48:41 - You select: temp\pcap\output_d958e858-4f2a-43e2-bdb9-34e9c933fc53.pcap
2024-08-20 16:48:41 - Out folder: temp\csv
2024-08-20 16:48:41 - CICFlowMeter received 1 pcap file
2024-08-20 17:18:25 - Please select pcap!
2024-08-20 20:18:33 - You select: temp\pcap\output_f7f4a603-4c5a-4fb0-b431-77b3d0c58ba7.pcap
2024-08-20 20:18:33 - Out folder: temp\csv
2024-08-20 20:18:33 - CICFlowMeter received 1 pcap file
2024-08-20 20:24:40 - You select: temp\pcap\output_5d9bcc08-476d-44bc-b0ec-0a0d7f93eb6c.pcap
2024-08-20 20:24:40 - Out folder: temp\csv
2024-08-20 20:24:41 - CICFlowMeter received 1 pcap file
2024-08-21 10:45:12 - You select: temp\pcap\output_5b3807ac-1825-4705-93d2-ebe1562e9334.pcap
2024-08-21 10:45:12 - Out folder: temp\csv
2024-08-21 10:45:13 - CICFlowMeter received 1 pcap file
2024-08-21 10:47:41 - You select: temp\pcap\output_5b3807ac-1825-4705-93d2-ebe1562e9334.pcap
2024-08-21 10:47:41 - Out folder: temp\csv
2024-08-21 10:47:42 - CICFlowMeter received 1 pcap file
2024-08-21 10:50:00 - You select: temp\pcap\output_535573b7-c481-440b-af1c-11fb65e3c537.pcap
2024-08-21 10:50:00 - Out folder: temp\csv
2024-08-21 10:50:00 - CICFlowMeter received 1 pcap file
